#
# There is insufficient memory for the Java Runtime Environment to continue.
# Native memory allocation (mmap) failed to map 4194304 bytes for G1 virtual space
# Possible reasons:
#   The system is out of physical RAM or swap space
#   The process is running with CompressedOops enabled, and the Java Heap may be blocking the growth of the native heap
# Possible solutions:
#   Reduce memory load on the system
#   Increase physical memory or swap space
#   Check if swap backing store is full
#   Decrease Java heap size (-Xmx/-Xms)
#   Decrease number of Java threads
#   Decrease Java thread stack sizes (-Xss)
#   Set larger code cache with -XX:ReservedCodeCacheSize=
#   JVM is running with Zero Based Compressed Oops mode in which the Java heap is
#     placed in the first 32GB address space. The Java Heap base address is the
#     maximum limit for the native heap growth. Please use -XX:HeapBaseMinAddress
#     to set the Java Heap base and to place the Java Heap above 32GB virtual address.
# This output file may be truncated or incomplete.
#
#  Out of Memory Error (os_windows.cpp:3548), pid=9724, tid=5448
#
# JRE version: Java(TM) SE Runtime Environment (17.0.12+8) (build 17.0.12+8-LTS-286)
# Java VM: Java HotSpot(TM) 64-Bit Server VM (17.0.12+8-LTS-286, mixed mode, emulated-client, sharing, tiered, compressed oops, compressed class ptrs, g1 gc, windows-amd64)
# No core dump will be written. Minidumps are not enabled by default on client versions of Windows
#

---------------  S U M M A R Y ------------

Command Line: -agentlib:jdwp=transport=dt_socket,address=127.0.0.1:64739,suspend=y,server=n -agentpath:C:\Users\Dell\AppData\Local\Temp\idea_libasyncProfiler_dll_temp_folder3\libasyncProfiler.dll=version,jfr,event=wall,interval=10ms,cstack=no,file=C:\Users\Dell\IdeaSnapshots\ShopmohinhApplication_2025_10_18_094524.jfr,dbghelppath=C:\Users\Dell\AppData\Local\Temp\idea_dbghelp_dll_temp_folder\dbghelp.dll,log=C:\Users\Dell\AppData\Local\Temp\ShopmohinhApplication_2025_10_18_094524.jfr.log.txt,logLevel=DEBUG -XX:TieredStopAtLevel=1 -Dspring.output.ansi.enabled=always -Dcom.sun.management.jmxremote -Dspring.jmx.enabled=true -Dspring.liveBeansView.mbeanDomain -Dspring.application.admin.enabled=true -Dmanagement.endpoints.jmx.exposure.include=* -javaagent:C:\Users\Dell\AppData\Local\JetBrains\IntelliJIdea2024.3\captureAgent\debugger-agent.jar -Dkotlinx.coroutines.debug.enable.creation.stack.trace=false -Ddebugger.agent.enable.coroutines=true -Dkotlinx.coroutines.debug.enable.flows.stack.trace=true -Dkotlinx.coroutines.debug.enable.mutable.state.flows.stack.trace=true -Dfile.encoding=UTF-8 com.example.shopmohinh.ShopmohinhApplication

Host: Intel(R) Core(TM) i7-6920HQ CPU @ 2.90GHz, 8 cores, 15G,  Windows 10 , 64 bit Build 19041 (10.0.19041.5915)
Time: Sat Oct 18 09:45:50 2025 SE Asia Standard Time elapsed time: 24.643509 seconds (0d 0h 0m 24s)

---------------  T H R E A D  ---------------

Current thread (0x000001853afcf5c0):  VMThread "VM Thread" [stack: 0x000000397e400000,0x000000397e500000] [id=5448]

Stack: [0x000000397e400000,0x000000397e500000]
Native frames: (J=compiled Java code, j=interpreted, Vv=VM code, C=native code)
V  [jvm.dll+0x67a04a]
V  [jvm.dll+0x7da4ed]
V  [jvm.dll+0x7dbe33]
V  [jvm.dll+0x7dc4a3]
V  [jvm.dll+0x24508f]
V  [jvm.dll+0x677089]
V  [jvm.dll+0x66bd32]
V  [jvm.dll+0x301fa6]
V  [jvm.dll+0x309546]
V  [jvm.dll+0x359d2e]
V  [jvm.dll+0x359f5f]
V  [jvm.dll+0x2d9078]
V  [jvm.dll+0x2dc0e6]
V  [jvm.dll+0x2e67eb]
V  [jvm.dll+0x31a870]
V  [jvm.dll+0x7e0d9b]
V  [jvm.dll+0x7e1ad4]
V  [jvm.dll+0x7e1fed]
V  [jvm.dll+0x7e23c4]
V  [jvm.dll+0x7e2490]
V  [jvm.dll+0x78abea]
V  [jvm.dll+0x678f35]
C  [ucrtbase.dll+0x21bb2]
C  [KERNEL32.DLL+0x17374]
C  [ntdll.dll+0x4cc91]

VM_Operation (0x000000397e0ffaa0): G1Concurrent, mode: safepoint, requested by thread 0x000001853aec8c20


---------------  P R O C E S S  ---------------

Threads class SMR info:
_java_thread_list=0x000001859c122cc0, length=35, elements={
0x000001853335c470, 0x000001853afd54e0, 0x000001853afd6290, 0x000001853afecf90,
0x000001853afed9c0, 0x000001853afee4b0, 0x000001854aa7ffc0, 0x000001854aa80940,
0x000001854aa85620, 0x000001854ab03ee0, 0x000001854acb4910, 0x000001854acb59a0,
0x000001854acb9eb0, 0x000001854ad47ef0, 0x00000185908be070, 0x0000018590d2d940,
0x0000018590d4f060, 0x0000018590d4e640, 0x0000018591d91550, 0x0000018593f471d0,
0x0000018593f49540, 0x0000018593f4a470, 0x0000018593f48610, 0x000001859498b170,
0x0000018596c6eee0, 0x0000018596c74f10, 0x0000018596c70320, 0x0000018596c730b0,
0x0000018596c6daa0, 0x0000018596c70830, 0x0000018596c75420, 0x0000018596c73ad0,
0x0000018596c73fe0, 0x0000018596c6dfb0, 0x0000018596c7be70
}

Java Threads: ( => current thread )
  0x000001853335c470 JavaThread "main" [_thread_blocked, id=21428, stack(0x000000397de00000,0x000000397df00000)]
  0x000001853afd54e0 JavaThread "Reference Handler" daemon [_thread_blocked, id=16264, stack(0x000000397e500000,0x000000397e600000)]
  0x000001853afd6290 JavaThread "Finalizer" daemon [_thread_blocked, id=9756, stack(0x000000397e600000,0x000000397e700000)]
  0x000001853afecf90 JavaThread "Signal Dispatcher" daemon [_thread_blocked, id=5076, stack(0x000000397e700000,0x000000397e800000)]
  0x000001853afed9c0 JavaThread "Attach Listener" daemon [_thread_blocked, id=10692, stack(0x000000397e800000,0x000000397e900000)]
  0x000001853afee4b0 JavaThread "Service Thread" daemon [_thread_blocked, id=14180, stack(0x000000397e900000,0x000000397ea00000)]
  0x000001854aa7ffc0 JavaThread "Monitor Deflation Thread" daemon [_thread_blocked, id=16944, stack(0x000000397ea00000,0x000000397eb00000)]
  0x000001854aa80940 JavaThread "C1 CompilerThread0" daemon [_thread_blocked, id=6060, stack(0x000000397eb00000,0x000000397ec00000)]
  0x000001854aa85620 JavaThread "Sweeper thread" daemon [_thread_blocked, id=1400, stack(0x000000397ec00000,0x000000397ed00000)]
  0x000001854ab03ee0 JavaThread "Common-Cleaner" daemon [_thread_blocked, id=8152, stack(0x000000397ed00000,0x000000397ee00000)]
  0x000001854acb4910 JavaThread "JDWP Transport Listener: dt_socket" daemon [_thread_blocked, id=1436, stack(0x000000397ee00000,0x000000397ef00000)]
  0x000001854acb59a0 JavaThread "JDWP Event Helper Thread" daemon [_thread_blocked, id=5464, stack(0x000000397ef00000,0x000000397f000000)]
  0x000001854acb9eb0 JavaThread "JDWP Command Reader" daemon [_thread_in_native, id=13356, stack(0x000000397f000000,0x000000397f100000)]
  0x000001854ad47ef0 JavaThread "C1 CompilerThread1" daemon [_thread_blocked, id=5336, stack(0x000000397f100000,0x000000397f200000)]
  0x00000185908be070 JavaThread "Notification Thread" daemon [_thread_blocked, id=18440, stack(0x000000397f200000,0x000000397f300000)]
  0x0000018590d2d940 JavaThread "RMI TCP Accept-0" daemon [_thread_in_native, id=5704, stack(0x000000397fa00000,0x000000397fb00000)]
  0x0000018590d4f060 JavaThread "RMI TCP Connection(1)-172.17.192.1" daemon [_thread_in_native, id=20784, stack(0x000000397fc00000,0x000000397fd00000)]
  0x0000018590d4e640 JavaThread "RMI Scheduler(0)" daemon [_thread_blocked, id=6816, stack(0x000000397fd00000,0x000000397fe00000)]
  0x0000018591d91550 JavaThread "C1 CompilerThread2" daemon [_thread_blocked, id=14224, stack(0x0000003900000000,0x0000003900100000)]
  0x0000018593f471d0 JavaThread "Catalina-utility-1" [_thread_blocked, id=16016, stack(0x0000003900100000,0x0000003900200000)]
  0x0000018593f49540 JavaThread "Catalina-utility-2" [_thread_blocked, id=15080, stack(0x0000003900200000,0x0000003900300000)]
  0x0000018593f4a470 JavaThread "container-0" [_thread_blocked, id=3304, stack(0x0000003900300000,0x0000003900400000)]
  0x0000018593f48610 JavaThread "mysql-cj-abandoned-connection-cleanup" daemon [_thread_blocked, id=12260, stack(0x0000003900400000,0x0000003900500000)]
  0x000001859498b170 JavaThread "HikariPool-1 housekeeper" daemon [_thread_blocked, id=17832, stack(0x0000003900600000,0x0000003900700000)]
  0x0000018596c6eee0 JavaThread "lettuce-timer-3-1" daemon [_thread_blocked, id=6988, stack(0x0000003900800000,0x0000003900900000)]
  0x0000018596c74f10 JavaThread "elasticsearch-rest-client-0-thread-1" [_thread_blocked, id=20916, stack(0x0000003900700000,0x0000003900800000)]
  0x0000018596c70320 JavaThread "elasticsearch-rest-client-0-thread-2" [_thread_in_native, id=18800, stack(0x0000003900900000,0x0000003900a00000)]
  0x0000018596c730b0 JavaThread "elasticsearch-rest-client-0-thread-3" [_thread_in_native, id=3344, stack(0x0000003900a00000,0x0000003900b00000)]
  0x0000018596c6daa0 JavaThread "elasticsearch-rest-client-0-thread-4" [_thread_in_native, id=18208, stack(0x0000003900b00000,0x0000003900c00000)]
  0x0000018596c70830 JavaThread "elasticsearch-rest-client-0-thread-5" [_thread_in_native, id=21856, stack(0x0000003900c00000,0x0000003900d00000)]
  0x0000018596c75420 JavaThread "elasticsearch-rest-client-0-thread-6" [_thread_in_native, id=21332, stack(0x0000003900d00000,0x0000003900e00000)]
  0x0000018596c73ad0 JavaThread "elasticsearch-rest-client-0-thread-7" [_thread_in_native, id=1516, stack(0x0000003900e00000,0x0000003900f00000)]
  0x0000018596c73fe0 JavaThread "elasticsearch-rest-client-0-thread-8" [_thread_in_native, id=13992, stack(0x0000003900f00000,0x0000003901000000)]
  0x0000018596c6dfb0 JavaThread "elasticsearch-rest-client-0-thread-9" [_thread_in_native, id=21924, stack(0x0000003901000000,0x0000003901100000)]
  0x0000018596c7be70 JavaThread "nioEventLoopGroup-4-1" [_thread_in_native, id=10076, stack(0x0000003901100000,0x0000003901200000)]

Other Threads:
=>0x000001853afcf5c0 VMThread "VM Thread" [stack: 0x000000397e400000,0x000000397e500000] [id=5448]
  0x0000018590d70900 WatcherThread [stack: 0x000000397fb00000,0x000000397fc00000] [id=7660]
  0x000001853aeb7f70 GCTaskThread "GC Thread#0" [stack: 0x000000397df00000,0x000000397e000000] [id=7968]
  0x0000018590c5a820 GCTaskThread "GC Thread#1" [stack: 0x000000397f300000,0x000000397f400000] [id=15408]
  0x0000018590c6bbc0 GCTaskThread "GC Thread#2" [stack: 0x000000397f400000,0x000000397f500000] [id=1336]
  0x0000018590c6be80 GCTaskThread "GC Thread#3" [stack: 0x000000397f500000,0x000000397f600000] [id=6300]
  0x0000018590c6c140 GCTaskThread "GC Thread#4" [stack: 0x000000397f600000,0x000000397f700000] [id=20656]
  0x0000018590c6cf00 GCTaskThread "GC Thread#5" [stack: 0x000000397f700000,0x000000397f800000] [id=6968]
  0x0000018590c6cc40 GCTaskThread "GC Thread#6" [stack: 0x000000397f800000,0x000000397f900000] [id=15188]
  0x0000018590c6d1c0 GCTaskThread "GC Thread#7" [stack: 0x000000397f900000,0x000000397fa00000] [id=11952]
  0x000001853aec8c20 ConcurrentGCThread "G1 Main Marker" [stack: 0x000000397e000000,0x000000397e100000] [id=6880]
  0x000001853aec9760 ConcurrentGCThread "G1 Conc#0" [stack: 0x000000397e100000,0x000000397e200000] [id=17536]
  0x000001859101ccb0 ConcurrentGCThread "G1 Conc#1" [stack: 0x000000397ff00000,0x0000003980000000] [id=15056]
  0x000001853af9f1f0 ConcurrentGCThread "G1 Refine#0" [stack: 0x000000397e200000,0x000000397e300000] [id=9048]
  0x000001853af9fb30 ConcurrentGCThread "G1 Service" [stack: 0x000000397e300000,0x000000397e400000] [id=16064]

Threads with active compile tasks:

VM state: at safepoint (normal execution)

VM Mutex/Monitor currently owned by a thread:  ([mutex/lock_event])
[0x000001853ae3d9f0] Threads_lock - owner thread: 0x000001853afcf5c0
[0x000001853ae3e020] Heap_lock - owner thread: 0x000001853aec8c20

Heap address: 0x0000000701a00000, size: 4070 MB, Compressed Oops mode: Zero based, Oop shift amount: 3

CDS archive(s) mapped at: [0x000001854b000000-0x000001854bbd0000-0x000001854bbd0000), size 12386304, SharedBaseAddress: 0x000001854b000000, ArchiveRelocationMode: 1.
Compressed class space mapped at: 0x000001854c000000-0x000001858c000000, reserved size: 1073741824
Narrow klass base: 0x000001854b000000, Narrow klass shift: 0, Narrow klass range: 0x100000000

GC Precious Log:
 CPUs: 8 total, 8 available
 Memory: 16274M
 Large Page Support: Disabled
 NUMA Support: Disabled
 Compressed Oops: Enabled (Zero based)
 Heap Region Size: 2M
 Heap Min Capacity: 8M
 Heap Initial Capacity: 256M
 Heap Max Capacity: 4070M
 Pre-touch: Disabled
 Parallel Workers: 8
 Concurrent Workers: 2
 Concurrent Refinement Workers: 8
 Periodic GC: Disabled

Heap:
 garbage-first heap   total 96256K, used 56216K [0x0000000701a00000, 0x0000000800000000)
  region size 2048K, 4 young (8192K), 2 survivors (4096K)
 Metaspace       used 91449K, committed 92032K, reserved 1179648K
  class space    used 13059K, committed 13312K, reserved 1048576K

Heap Regions: E=young(eden), S=young(survivor), O=old, HS=humongous(starts), HC=humongous(continues), CS=collection set, F=free, OA=open archive, CA=closed archive, TAMS=top-at-mark-start (previous, next)
|   0|0x0000000701a00000, 0x0000000701c00000, 0x0000000701c00000|100%| O|  |TAMS 0x0000000701c00000, 0x0000000701a00000| Untracked 
|   1|0x0000000701c00000, 0x0000000701e00000, 0x0000000701e00000|100%| O|  |TAMS 0x0000000701e00000, 0x0000000701c00000| Untracked 
|   2|0x0000000701e00000, 0x0000000702000000, 0x0000000702000000|100%| O|  |TAMS 0x0000000702000000, 0x0000000701e00000| Untracked 
|   3|0x0000000702000000, 0x0000000702200000, 0x0000000702200000|100%| O|  |TAMS 0x0000000702200000, 0x0000000702000000| Untracked 
|   4|0x0000000702200000, 0x0000000702400000, 0x0000000702400000|100%| O|  |TAMS 0x0000000702400000, 0x0000000702200000| Untracked 
|   5|0x0000000702400000, 0x000000070257f000, 0x0000000702600000| 74%| O|  |TAMS 0x000000070257f000, 0x0000000702400000| Updating 
|   6|0x0000000702600000, 0x0000000702800000, 0x0000000702800000|100%| O|  |TAMS 0x0000000702800000, 0x0000000702600000| Untracked 
|   7|0x0000000702800000, 0x0000000702a00000, 0x0000000702a00000|100%| O|  |TAMS 0x0000000702a00000, 0x0000000702800000| Untracked 
|   8|0x0000000702a00000, 0x0000000702c00000, 0x0000000702c00000|100%| O|  |TAMS 0x0000000702c00000, 0x0000000702a00000| Untracked 
|   9|0x0000000702c00000, 0x0000000702e00000, 0x0000000702e00000|100%| O|  |TAMS 0x0000000702e00000, 0x0000000702c00000| Updating 
|  10|0x0000000702e00000, 0x0000000703000000, 0x0000000703000000|100%| O|  |TAMS 0x0000000703000000, 0x0000000702e00000| Untracked 
|  11|0x0000000703000000, 0x0000000703200000, 0x0000000703200000|100%| O|  |TAMS 0x0000000703200000, 0x0000000703000000| Untracked 
|  12|0x0000000703200000, 0x0000000703400000, 0x0000000703400000|100%| O|  |TAMS 0x0000000703400000, 0x0000000703200000| Updating 
|  13|0x0000000703400000, 0x0000000703600000, 0x0000000703600000|100%| O|  |TAMS 0x0000000703600000, 0x0000000703400000| Updating 
|  14|0x0000000703600000, 0x0000000703800000, 0x0000000703800000|100%| O|  |TAMS 0x0000000703800000, 0x0000000703600000| Updating 
|  15|0x0000000703800000, 0x0000000703a00000, 0x0000000703a00000|100%| O|  |TAMS 0x0000000703a00000, 0x0000000703800000| Untracked 
|  16|0x0000000703a00000, 0x0000000703c00000, 0x0000000703c00000|100%| O|  |TAMS 0x0000000703c00000, 0x0000000703a00000| Untracked 
|  17|0x0000000703c00000, 0x0000000703e00000, 0x0000000703e00000|100%| O|  |TAMS 0x0000000703e00000, 0x0000000703c00000| Untracked 
|  18|0x0000000703e00000, 0x0000000704000000, 0x0000000704000000|100%| O|  |TAMS 0x0000000704000000, 0x0000000703e00000| Untracked 
|  19|0x0000000704000000, 0x0000000704200000, 0x0000000704200000|100%| O|  |TAMS 0x0000000704200000, 0x0000000704000000| Untracked 
|  20|0x0000000704200000, 0x0000000704400000, 0x0000000704400000|100%| O|  |TAMS 0x0000000704400000, 0x0000000704200000| Untracked 
|  21|0x0000000704400000, 0x0000000704600000, 0x0000000704600000|100%| O|  |TAMS 0x0000000704600000, 0x0000000704400000| Untracked 
|  22|0x0000000704600000, 0x0000000704800000, 0x0000000704800000|100%| O|  |TAMS 0x0000000704800000, 0x0000000704600000| Untracked 
|  23|0x0000000704800000, 0x0000000704a00000, 0x0000000704a00000|100%| O|  |TAMS 0x00000007049cda00, 0x0000000704800000| Updating 
|  24|0x0000000704a00000, 0x0000000704b67000, 0x0000000704c00000| 70%| O|  |TAMS 0x0000000704a00000, 0x0000000704a00000| Updating 
|  25|0x0000000704c00000, 0x0000000704c00000, 0x0000000704e00000|  0%| F|  |TAMS 0x0000000704c00000, 0x0000000704c00000| Untracked 
|  26|0x0000000704e00000, 0x0000000704e00000, 0x0000000705000000|  0%| F|  |TAMS 0x0000000704e00000, 0x0000000704e00000| Untracked 
|  27|0x0000000705000000, 0x0000000705000000, 0x0000000705200000|  0%| F|  |TAMS 0x0000000705000000, 0x0000000705000000| Untracked 
|  28|0x0000000705200000, 0x0000000705200000, 0x0000000705400000|  0%| F|  |TAMS 0x0000000705200000, 0x0000000705200000| Untracked 
|  29|0x0000000705400000, 0x0000000705400000, 0x0000000705600000|  0%| F|  |TAMS 0x0000000705400000, 0x0000000705400000| Untracked 
|  30|0x0000000705600000, 0x0000000705600000, 0x0000000705800000|  0%| F|  |TAMS 0x0000000705600000, 0x0000000705600000| Untracked 
|  31|0x0000000705800000, 0x0000000705800000, 0x0000000705a00000|  0%| F|  |TAMS 0x0000000705800000, 0x0000000705800000| Untracked 
|  32|0x0000000705a00000, 0x0000000705c00000, 0x0000000705c00000|100%| S|CS|TAMS 0x0000000705a00000, 0x0000000705a00000| Complete 
|  33|0x0000000705c00000, 0x0000000705e00000, 0x0000000705e00000|100%| S|CS|TAMS 0x0000000705c00000, 0x0000000705c00000| Complete 
|  34|0x0000000705e00000, 0x0000000705e00000, 0x0000000706000000|  0%| F|  |TAMS 0x0000000705e00000, 0x0000000705e00000| Untracked 
|  35|0x0000000706000000, 0x0000000706000000, 0x0000000706200000|  0%| F|  |TAMS 0x0000000706000000, 0x0000000706000000| Untracked 
|  36|0x0000000706200000, 0x0000000706200000, 0x0000000706400000|  0%| F|  |TAMS 0x0000000706200000, 0x0000000706200000| Untracked 
|  37|0x0000000706400000, 0x0000000706400000, 0x0000000706600000|  0%| F|  |TAMS 0x0000000706400000, 0x0000000706400000| Untracked 
|  38|0x0000000706600000, 0x0000000706600000, 0x0000000706800000|  0%| F|  |TAMS 0x0000000706600000, 0x0000000706600000| Untracked 
|  39|0x0000000706800000, 0x0000000706800000, 0x0000000706a00000|  0%| F|  |TAMS 0x0000000706800000, 0x0000000706800000| Untracked 
|  40|0x0000000706a00000, 0x0000000706a00000, 0x0000000706c00000|  0%| F|  |TAMS 0x0000000706a00000, 0x0000000706a00000| Untracked 
|  41|0x0000000706c00000, 0x0000000706c00000, 0x0000000706e00000|  0%| F|  |TAMS 0x0000000706c00000, 0x0000000706c00000| Untracked 
|  42|0x0000000706e00000, 0x0000000706e00000, 0x0000000707000000|  0%| F|  |TAMS 0x0000000706e00000, 0x0000000706e00000| Untracked 
|  43|0x0000000707000000, 0x0000000707000000, 0x0000000707200000|  0%| F|  |TAMS 0x0000000707000000, 0x0000000707000000| Untracked 
|  44|0x0000000707200000, 0x0000000707200000, 0x0000000707400000|  0%| F|  |TAMS 0x0000000707200000, 0x0000000707200000| Untracked 
|  45|0x0000000707400000, 0x00000007074f14e8, 0x0000000707600000| 47%| E|  |TAMS 0x0000000707400000, 0x0000000707400000| Complete 
| 127|0x0000000711800000, 0x0000000711a00000, 0x0000000711a00000|100%| E|CS|TAMS 0x0000000711800000, 0x0000000711800000| Complete 

Card table byte_map: [0x000001853f0d0000,0x000001853f8d0000] _byte_map_base: 0x000001853b8c3000

Marking Bits (Prev, Next): (CMBitMap*) 0x000001853aeb84e0, (CMBitMap*) 0x000001853aeb84a0
 Prev Bits: [0x0000018544070000, 0x0000018548008000)
 Next Bits: [0x00000185400d0000, 0x0000018544068000)

Polling page: 0x0000018531300000

Metaspace:

Usage:
  Non-class:     76.55 MB used.
      Class:     12.75 MB used.
       Both:     89.31 MB used.

Virtual space:
  Non-class space:      128.00 MB reserved,      76.88 MB ( 60%) committed,  2 nodes.
      Class space:        1.00 GB reserved,      13.00 MB (  1%) committed,  1 nodes.
             Both:        1.12 GB reserved,      89.88 MB (  8%) committed. 

Chunk freelists:
   Non-Class:  2.84 MB
       Class:  3.01 MB
        Both:  5.85 MB

MaxMetaspaceSize: unlimited
CompressedClassSpaceSize: 1.00 GB
Initial GC threshold: 21.00 MB
Current GC threshold: 145.12 MB
CDS: on
MetaspaceReclaimPolicy: balanced
 - commit_granule_bytes: 65536.
 - commit_granule_words: 8192.
 - virtual_space_node_default_size: 8388608.
 - enlarge_chunks_in_place: 1.
 - new_chunks_are_fully_committed: 0.
 - uncommit_free_chunks: 1.
 - use_allocation_guard: 0.
 - handle_deallocations: 1.


Internal statistics:

num_allocs_failed_limit: 9.
num_arena_births: 902.
num_arena_deaths: 0.
num_vsnodes_births: 3.
num_vsnodes_deaths: 0.
num_space_committed: 1438.
num_space_uncommitted: 0.
num_chunks_returned_to_freelist: 9.
num_chunks_taken_from_freelist: 4065.
num_chunk_merges: 9.
num_chunk_splits: 3081.
num_chunks_enlarged: 2505.
num_inconsistent_stats: 0.

CodeCache: size=49152Kb used=19045Kb max_used=19045Kb free=30106Kb
 bounds [0x000001853aff0000, 0x000001853c290000, 0x000001853dff0000]
 total_blobs=9110 nmethods=8396 adapters=638
 compilation: enabled
              stopped_count=0, restarted_count=0
 full_count=0

Compilation events (20 events):
Event: 24.549 Thread 0x000001854ad47ef0 8524       1       org.springframework.beans.BeanWrapperImpl::<init> (6 bytes)
Event: 24.549 Thread 0x0000018591d91550 8525       1       org.springframework.beans.BeanWrapperImpl::<init> (6 bytes)
Event: 24.549 Thread 0x000001854aa80940 8526       1       org.springframework.beans.AbstractNestablePropertyAccessor::<init> (37 bytes)
Event: 24.549 Thread 0x000001854ad47ef0 nmethod 8524 0x000001853c280b90 code [0x000001853c280d20, 0x000001853c280e08]
Event: 24.549 Thread 0x0000018591d91550 nmethod 8525 0x000001853c280f10 code [0x000001853c2810a0, 0x000001853c281188]
Event: 24.550 Thread 0x000001854aa80940 nmethod 8526 0x000001853c281290 code [0x000001853c281420, 0x000001853c2816b8]
Event: 24.550 Thread 0x000001854ad47ef0 8527       1       org.springframework.beans.BeanWrapperImpl::setBeanInstance (35 bytes)
Event: 24.551 Thread 0x000001854ad47ef0 nmethod 8527 0x000001853c281910 code [0x000001853c281ae0, 0x000001853c281ed8]
Event: 24.559 Thread 0x0000018591d91550 8528       1       org.springframework.beans.support.ResourceEditorRegistrar::registerCustomEditors (227 bytes)
Event: 24.559 Thread 0x000001854aa80940 8530       1       org.springframework.beans.propertyeditors.URIEditor::<init> (25 bytes)
Event: 24.559 Thread 0x000001854ad47ef0 8529       1       org.springframework.beans.propertyeditors.URIEditor::<init> (7 bytes)
Event: 24.559 Thread 0x000001854ad47ef0 nmethod 8529 0x000001853c282190 code [0x000001853c282320, 0x000001853c2824e8]
Event: 24.559 Thread 0x000001854ad47ef0 8531       1       org.springframework.core.io.support.ResourceArrayPropertyEditor::<init> (8 bytes)
Event: 24.559 Thread 0x000001854aa80940 nmethod 8530 0x000001853c282690 code [0x000001853c282820, 0x000001853c2829e8]
Event: 24.559 Thread 0x000001854ad47ef0 nmethod 8531 0x000001853c282b10 code [0x000001853c282cc0, 0x000001853c282f88]
Event: 24.562 Thread 0x0000018591d91550 nmethod 8528 0x000001853c283190 code [0x000001853c2836a0, 0x000001853c286418]
Event: 24.571 Thread 0x0000018591d91550 8532       1       org.springframework.context.event.EventListenerMethodProcessor$$Lambda$1937/0x000001854ccfba28::inspect (5 bytes)
Event: 24.571 Thread 0x000001854aa80940 8533       1       org.springframework.context.event.EventListenerMethodProcessor::lambda$processBean$0 (10 bytes)
Event: 24.571 Thread 0x0000018591d91550 nmethod 8532 0x000001853c288d10 code [0x000001853c288ea0, 0x000001853c288fe8]
Event: 24.571 Thread 0x000001854aa80940 nmethod 8533 0x000001853c289110 code [0x000001853c2892a0, 0x000001853c2893c8]

GC Heap History (20 events):
Event: 19.428 GC heap before
{Heap before GC invocations=17 (full 0):
 garbage-first heap   total 96256K, used 74001K [0x0000000701a00000, 0x0000000800000000)
  region size 2048K, 22 young (45056K), 2 survivors (4096K)
 Metaspace       used 63038K, committed 63616K, reserved 1114112K
  class space    used 8949K, committed 9216K, reserved 1048576K
}
Event: 19.431 GC heap after
{Heap after GC invocations=18 (full 0):
 garbage-first heap   total 96256K, used 33703K [0x0000000701a00000, 0x0000000800000000)
  region size 2048K, 2 young (4096K), 2 survivors (4096K)
 Metaspace       used 63038K, committed 63616K, reserved 1114112K
  class space    used 8949K, committed 9216K, reserved 1048576K
}
Event: 20.330 GC heap before
{Heap before GC invocations=18 (full 0):
 garbage-first heap   total 96256K, used 74663K [0x0000000701a00000, 0x0000000800000000)
  region size 2048K, 22 young (45056K), 2 survivors (4096K)
 Metaspace       used 68594K, committed 69120K, reserved 1114112K
  class space    used 9839K, committed 10112K, reserved 1048576K
}
Event: 20.336 GC heap after
{Heap after GC invocations=19 (full 0):
 garbage-first heap   total 96256K, used 36617K [0x0000000701a00000, 0x0000000800000000)
  region size 2048K, 3 young (6144K), 3 survivors (6144K)
 Metaspace       used 68594K, committed 69120K, reserved 1114112K
  class space    used 9839K, committed 10112K, reserved 1048576K
}
Event: 20.845 GC heap before
{Heap before GC invocations=19 (full 0):
 garbage-first heap   total 96256K, used 73481K [0x0000000701a00000, 0x0000000800000000)
  region size 2048K, 22 young (45056K), 3 survivors (6144K)
 Metaspace       used 72855K, committed 73472K, reserved 1114112K
  class space    used 10534K, committed 10816K, reserved 1048576K
}
Event: 20.852 GC heap after
{Heap after GC invocations=20 (full 0):
 garbage-first heap   total 96256K, used 39297K [0x0000000701a00000, 0x0000000800000000)
  region size 2048K, 2 young (4096K), 2 survivors (4096K)
 Metaspace       used 72855K, committed 73472K, reserved 1114112K
  class space    used 10534K, committed 10816K, reserved 1048576K
}
Event: 21.463 GC heap before
{Heap before GC invocations=20 (full 0):
 garbage-first heap   total 96256K, used 74113K [0x0000000701a00000, 0x0000000800000000)
  region size 2048K, 19 young (38912K), 2 survivors (4096K)
 Metaspace       used 77126K, committed 77760K, reserved 1179648K
  class space    used 11120K, committed 11392K, reserved 1048576K
}
Event: 21.467 GC heap after
{Heap after GC invocations=21 (full 0):
 garbage-first heap   total 96256K, used 41073K [0x0000000701a00000, 0x0000000800000000)
  region size 2048K, 3 young (6144K), 3 survivors (6144K)
 Metaspace       used 77126K, committed 77760K, reserved 1179648K
  class space    used 11120K, committed 11392K, reserved 1048576K
}
Event: 21.769 GC heap before
{Heap before GC invocations=21 (full 0):
 garbage-first heap   total 96256K, used 73841K [0x0000000701a00000, 0x0000000800000000)
  region size 2048K, 19 young (38912K), 3 survivors (6144K)
 Metaspace       used 77806K, committed 78464K, reserved 1179648K
  class space    used 11223K, committed 11520K, reserved 1048576K
}
Event: 21.774 GC heap after
{Heap after GC invocations=22 (full 0):
 garbage-first heap   total 96256K, used 42211K [0x0000000701a00000, 0x0000000800000000)
  region size 2048K, 2 young (4096K), 2 survivors (4096K)
 Metaspace       used 77806K, committed 78464K, reserved 1179648K
  class space    used 11223K, committed 11520K, reserved 1048576K
}
Event: 22.433 GC heap before
{Heap before GC invocations=22 (full 0):
 garbage-first heap   total 96256K, used 77027K [0x0000000701a00000, 0x0000000800000000)
  region size 2048K, 19 young (38912K), 2 survivors (4096K)
 Metaspace       used 82411K, committed 83072K, reserved 1179648K
  class space    used 11792K, committed 12096K, reserved 1048576K
}
Event: 22.439 GC heap after
{Heap after GC invocations=23 (full 0):
 garbage-first heap   total 96256K, used 45755K [0x0000000701a00000, 0x0000000800000000)
  region size 2048K, 3 young (6144K), 3 survivors (6144K)
 Metaspace       used 82411K, committed 83072K, reserved 1179648K
  class space    used 11792K, committed 12096K, reserved 1048576K
}
Event: 23.021 GC heap before
{Heap before GC invocations=23 (full 0):
 garbage-first heap   total 96256K, used 72379K [0x0000000701a00000, 0x0000000800000000)
  region size 2048K, 17 young (34816K), 3 survivors (6144K)
 Metaspace       used 85624K, committed 86272K, reserved 1179648K
  class space    used 12167K, committed 12480K, reserved 1048576K
}
Event: 23.027 GC heap after
{Heap after GC invocations=24 (full 0):
 garbage-first heap   total 96256K, used 48525K [0x0000000701a00000, 0x0000000800000000)
  region size 2048K, 2 young (4096K), 2 survivors (4096K)
 Metaspace       used 85624K, committed 86272K, reserved 1179648K
  class space    used 12167K, committed 12480K, reserved 1048576K
}
Event: 23.549 GC heap before
{Heap before GC invocations=24 (full 0):
 garbage-first heap   total 96256K, used 75149K [0x0000000701a00000, 0x0000000800000000)
  region size 2048K, 15 young (30720K), 2 survivors (4096K)
 Metaspace       used 88392K, committed 88960K, reserved 1179648K
  class space    used 12551K, committed 12800K, reserved 1048576K
}
Event: 23.553 GC heap after
{Heap after GC invocations=25 (full 0):
 garbage-first heap   total 96256K, used 50332K [0x0000000701a00000, 0x0000000800000000)
  region size 2048K, 1 young (2048K), 1 survivors (2048K)
 Metaspace       used 88392K, committed 88960K, reserved 1179648K
  class space    used 12551K, committed 12800K, reserved 1048576K
}
Event: 24.072 GC heap before
{Heap before GC invocations=26 (full 0):
 garbage-first heap   total 96256K, used 79004K [0x0000000701a00000, 0x0000000800000000)
  region size 2048K, 15 young (30720K), 1 survivors (2048K)
 Metaspace       used 89993K, committed 90560K, reserved 1179648K
  class space    used 12847K, committed 13120K, reserved 1048576K
}
Event: 24.076 GC heap after
{Heap after GC invocations=27 (full 0):
 garbage-first heap   total 96256K, used 52098K [0x0000000701a00000, 0x0000000800000000)
  region size 2048K, 2 young (4096K), 2 survivors (4096K)
 Metaspace       used 89993K, committed 90560K, reserved 1179648K
  class space    used 12847K, committed 13120K, reserved 1048576K
}
Event: 24.508 GC heap before
{Heap before GC invocations=27 (full 0):
 garbage-first heap   total 96256K, used 78722K [0x0000000701a00000, 0x0000000800000000)
  region size 2048K, 15 young (30720K), 2 survivors (4096K)
 Metaspace       used 91355K, committed 91968K, reserved 1179648K
  class space    used 13045K, committed 13312K, reserved 1048576K
}
Event: 24.513 GC heap after
{Heap after GC invocations=28 (full 0):
 garbage-first heap   total 96256K, used 54168K [0x0000000701a00000, 0x0000000800000000)
  region size 2048K, 2 young (4096K), 2 survivors (4096K)
 Metaspace       used 91355K, committed 91968K, reserved 1179648K
  class space    used 13045K, committed 13312K, reserved 1048576K
}

Deoptimization events (20 events):
Event: 24.569 Thread 0x000001853335c470 DEOPT PACKING pc=0x000001853b649ce4 sp=0x000000397defec10
Event: 24.569 Thread 0x000001853335c470 DEOPT UNPACKING pc=0x000001853b042b43 sp=0x000000397defe170 mode 1
Event: 24.569 Thread 0x000001853335c470 DEOPT PACKING pc=0x000001853bae7d94 sp=0x000000397defed30
Event: 24.569 Thread 0x000001853335c470 DEOPT UNPACKING pc=0x000001853b042b43 sp=0x000000397defe1f0 mode 1
Event: 24.569 Thread 0x000001853335c470 DEOPT PACKING pc=0x000001853b649ce4 sp=0x000000397defec10
Event: 24.569 Thread 0x000001853335c470 DEOPT UNPACKING pc=0x000001853b042b43 sp=0x000000397defe170 mode 1
Event: 24.569 Thread 0x000001853335c470 DEOPT PACKING pc=0x000001853bae7d94 sp=0x000000397defed30
Event: 24.569 Thread 0x000001853335c470 DEOPT UNPACKING pc=0x000001853b042b43 sp=0x000000397defe1f0 mode 1
Event: 24.569 Thread 0x000001853335c470 DEOPT PACKING pc=0x000001853b649ce4 sp=0x000000397defec10
Event: 24.569 Thread 0x000001853335c470 DEOPT UNPACKING pc=0x000001853b042b43 sp=0x000000397defe170 mode 1
Event: 24.569 Thread 0x000001853335c470 DEOPT PACKING pc=0x000001853bae7d94 sp=0x000000397defed30
Event: 24.569 Thread 0x000001853335c470 DEOPT UNPACKING pc=0x000001853b042b43 sp=0x000000397defe1f0 mode 1
Event: 24.569 Thread 0x000001853335c470 DEOPT PACKING pc=0x000001853b649ce4 sp=0x000000397defec10
Event: 24.569 Thread 0x000001853335c470 DEOPT UNPACKING pc=0x000001853b042b43 sp=0x000000397defe170 mode 1
Event: 24.569 Thread 0x000001853335c470 DEOPT PACKING pc=0x000001853bae7d94 sp=0x000000397defed30
Event: 24.569 Thread 0x000001853335c470 DEOPT UNPACKING pc=0x000001853b042b43 sp=0x000000397defe1f0 mode 1
Event: 24.569 Thread 0x000001853335c470 DEOPT PACKING pc=0x000001853b649ce4 sp=0x000000397defec10
Event: 24.569 Thread 0x000001853335c470 DEOPT UNPACKING pc=0x000001853b042b43 sp=0x000000397defe170 mode 1
Event: 24.569 Thread 0x000001853335c470 DEOPT PACKING pc=0x000001853bae7d94 sp=0x000000397defed30
Event: 24.569 Thread 0x000001853335c470 DEOPT UNPACKING pc=0x000001853b042b43 sp=0x000000397defe1f0 mode 1

Classes unloaded (0 events):
No events

Classes redefined (1 events):
Event: 5.370 Thread 0x000001853afcf5c0 redefined class name=java.lang.Throwable, count=1

Internal exceptions (20 events):
Event: 21.424 Thread 0x000001853335c470 Exception <a 'java/lang/reflect/InvocationTargetException'{0x0000000705db4fc0}> (0x0000000705db4fc0) 
thrown [s\open\src\hotspot\share\runtime\reflection.cpp, line 1121]
Event: 21.435 Thread 0x000001853335c470 Exception <a 'java/lang/reflect/InvocationTargetException'{0x0000000705aaa940}> (0x0000000705aaa940) 
thrown [s\open\src\hotspot\share\runtime\reflection.cpp, line 1121]
Event: 21.458 Thread 0x000001853335c470 Exception <a 'java/lang/reflect/InvocationTargetException'{0x000000070576e510}> (0x000000070576e510) 
thrown [s\open\src\hotspot\share\runtime\reflection.cpp, line 1121]
Event: 21.530 Thread 0x000001853335c470 Exception <a 'java/lang/reflect/InvocationTargetException'{0x0000000706455c20}> (0x0000000706455c20) 
thrown [s\open\src\hotspot\share\runtime\reflection.cpp, line 1121]
Event: 21.536 Thread 0x000001853335c470 Exception <a 'java/lang/reflect/InvocationTargetException'{0x000000070648f728}> (0x000000070648f728) 
thrown [s\open\src\hotspot\share\runtime\reflection.cpp, line 1121]
Event: 21.538 Thread 0x000001853335c470 Exception <a 'java/lang/reflect/InvocationTargetException'{0x00000007064a41e8}> (0x00000007064a41e8) 
thrown [s\open\src\hotspot\share\runtime\reflection.cpp, line 1121]
Event: 21.539 Thread 0x000001853335c470 Exception <a 'java/lang/reflect/InvocationTargetException'{0x00000007064b3700}> (0x00000007064b3700) 
thrown [s\open\src\hotspot\share\runtime\reflection.cpp, line 1121]
Event: 21.542 Thread 0x000001853335c470 Exception <a 'java/lang/reflect/InvocationTargetException'{0x00000007064caf68}> (0x00000007064caf68) 
thrown [s\open\src\hotspot\share\runtime\reflection.cpp, line 1121]
Event: 21.653 Thread 0x000001853335c470 Exception <a 'java/lang/reflect/InvocationTargetException'{0x0000000705c104d0}> (0x0000000705c104d0) 
thrown [s\open\src\hotspot\share\runtime\reflection.cpp, line 1121]
Event: 21.723 Thread 0x000001853335c470 Exception <a 'java/lang/NoSuchMethodError'{0x0000000705bd6728}: 'java.lang.Object java.lang.invoke.DirectMethodHandle$Holder.invokeInterface(java.lang.Object, java.lang.Object, int)'> (0x0000000705bd6728) 
thrown [s\open\src\hotspot\share\interpreter\linkResolver.cpp, line 759]
Event: 21.873 Thread 0x000001853335c470 Exception <a 'java/lang/NoSuchMethodError'{0x00000007072ca310}: 'java.lang.Object java.lang.invoke.DirectMethodHandle$Holder.invokeVirtual(java.lang.Object, java.lang.Object, int)'> (0x00000007072ca310) 
thrown [s\open\src\hotspot\share\interpreter\linkResolver.cpp, line 759]
Event: 21.899 Thread 0x000001853335c470 Exception <a 'sun/nio/fs/WindowsException'{0x000000070736e160}> (0x000000070736e160) 
thrown [s\open\src\hotspot\share\prims\jni.cpp, line 516]
Event: 21.915 Thread 0x000001853335c470 Exception <a 'java/lang/NoSuchMethodError'{0x00000007073b1aa0}: 'int java.lang.invoke.DirectMethodHandle$Holder.invokeStaticInit(java.lang.Object, java.lang.Object, java.lang.Object, java.lang.Object)'> (0x00000007073b1aa0) 
thrown [s\open\src\hotspot\share\interpreter\linkResolver.cpp, line 759]
Event: 22.366 Thread 0x000001853335c470 Exception <a 'sun/nio/fs/WindowsException'{0x0000000705b045b0}> (0x0000000705b045b0) 
thrown [s\open\src\hotspot\share\prims\jni.cpp, line 516]
Event: 23.739 Thread 0x000001853335c470 Exception <a 'java/lang/IncompatibleClassChangeError'{0x0000000706e72278}: Found class java.lang.Object, but interface was expected> (0x0000000706e72278) 
thrown [s\open\src\hotspot\share\interpreter\linkResolver.cpp, line 826]
Event: 23.952 Thread 0x000001853335c470 Exception <a 'java/lang/NoSuchMethodError'{0x0000000706372e68}: 'java.lang.Object java.lang.invoke.DirectMethodHandle$Holder.invokeInterface(java.lang.Object, java.lang.Object, java.lang.Object, java.lang.Object)'> (0x0000000706372e68) 
thrown [s\open\src\hotspot\share\interpreter\linkResolver.cpp, line 759]
Event: 24.178 Thread 0x000001853335c470 Exception <a 'java/lang/IncompatibleClassChangeError'{0x00000007075d0650}: Found class java.lang.Object, but interface was expected> (0x00000007075d0650) 
thrown [s\open\src\hotspot\share\interpreter\linkResolver.cpp, line 826]
Event: 24.217 Thread 0x000001853335c470 Exception <a 'sun/nio/fs/WindowsException'{0x000000070739ad30}> (0x000000070739ad30) 
thrown [s\open\src\hotspot\share\prims\jni.cpp, line 516]
Event: 24.482 Thread 0x000001853335c470 Exception <a 'java/lang/NoSuchMethodError'{0x0000000705ec0a18}: 'void java.lang.invoke.DirectMethodHandle$Holder.invokeVirtual(java.lang.Object, java.lang.Object, long)'> (0x0000000705ec0a18) 
thrown [s\open\src\hotspot\share\interpreter\linkResolver.cpp, line 759]
Event: 24.483 Thread 0x000001853335c470 Exception <a 'java/lang/NoSuchMethodError'{0x0000000705ed3ba0}: 'void java.lang.invoke.DirectMethodHandle$Holder.invokeVirtual(java.lang.Object, java.lang.Object, float)'> (0x0000000705ed3ba0) 
thrown [s\open\src\hotspot\share\interpreter\linkResolver.cpp, line 759]

VM Operations (20 events):
Event: 23.533 Executing VM operation: HandshakeAllThreads done
Event: 23.544 Executing VM operation: HandshakeAllThreads
Event: 23.544 Executing VM operation: HandshakeAllThreads done
Event: 23.549 Executing VM operation: G1CollectForAllocation
Event: 23.553 Executing VM operation: G1CollectForAllocation done
Event: 23.575 Executing VM operation: HandshakeAllThreads
Event: 23.575 Executing VM operation: HandshakeAllThreads done
Event: 23.576 Executing VM operation: HandshakeAllThreads
Event: 23.576 Executing VM operation: HandshakeAllThreads done
Event: 23.610 Executing VM operation: G1Concurrent
Event: 23.617 Executing VM operation: G1Concurrent done
Event: 23.644 Executing VM operation: G1Concurrent
Event: 23.644 Executing VM operation: G1Concurrent done
Event: 24.039 Executing VM operation: HandshakeAllThreads
Event: 24.039 Executing VM operation: HandshakeAllThreads done
Event: 24.072 Executing VM operation: G1CollectForAllocation
Event: 24.076 Executing VM operation: G1CollectForAllocation done
Event: 24.508 Executing VM operation: G1CollectForAllocation
Event: 24.513 Executing VM operation: G1CollectForAllocation done
Event: 24.575 Executing VM operation: G1Concurrent

Events (20 events):
Event: 24.541 loading class org/springframework/scheduling/concurrent/SimpleAsyncTaskScheduler
Event: 24.541 loading class org/springframework/scheduling/concurrent/SimpleAsyncTaskScheduler done
Event: 24.543 loading class org/springframework/boot/LazyInitializationExcludeFilter
Event: 24.543 loading class org/springframework/boot/LazyInitializationExcludeFilter done
Event: 24.544 loading class org/springframework/jdbc/datasource/DataSourceTransactionManager
Event: 24.544 loading class org/springframework/jdbc/datasource/DataSourceTransactionManager done
Event: 24.544 loading class org/springframework/jdbc/support/JdbcTransactionManager
Event: 24.544 loading class org/springframework/jdbc/support/JdbcTransactionManager done
Event: 24.551 loading class org/springframework/transaction/support/TransactionCallback
Event: 24.551 loading class org/springframework/transaction/support/TransactionCallback done
Event: 24.555 loading class org/springframework/transaction/reactive/TransactionalOperator
Event: 24.555 loading class org/springframework/transaction/reactive/TransactionalOperator done
Event: 24.563 loading class org/springframework/web/multipart/MultipartHttpServletRequest
Event: 24.563 loading class org/springframework/web/multipart/MultipartHttpServletRequest done
Event: 24.564 loading class org/springframework/web/multipart/MultipartRequest
Event: 24.564 loading class org/springframework/web/multipart/MultipartRequest done
Event: 24.567 loading class org/springframework/context/event/EventListener
Event: 24.567 loading class org/springframework/context/event/EventListener done
Event: 24.567 loading class org/springframework/core/MethodIntrospector$MetadataLookup
Event: 24.567 loading class org/springframework/core/MethodIntrospector$MetadataLookup done


Dynamic libraries:
0x00007ff6ffe20000 - 0x00007ff6ffe30000 	C:\Program Files\Java\jdk-17\bin\java.exe
0x00007ffefa950000 - 0x00007ffefab48000 	C:\Windows\SYSTEM32\ntdll.dll
0x00007ffef99a0000 - 0x00007ffef9a62000 	C:\Windows\System32\KERNEL32.DLL
0x00007ffef8180000 - 0x00007ffef8476000 	C:\Windows\System32\KERNELBASE.dll
0x00007ffef7fe0000 - 0x00007ffef80e0000 	C:\Windows\System32\ucrtbase.dll
0x00007ffeef3c0000 - 0x00007ffeef3db000 	C:\Program Files\Java\jdk-17\bin\VCRUNTIME140.dll
0x00007ffef2500000 - 0x00007ffef2519000 	C:\Program Files\Java\jdk-17\bin\jli.dll
0x00007ffef93d0000 - 0x00007ffef9481000 	C:\Windows\System32\ADVAPI32.dll
0x00007ffefa290000 - 0x00007ffefa32e000 	C:\Windows\System32\msvcrt.dll
0x00007ffef9090000 - 0x00007ffef912f000 	C:\Windows\System32\sechost.dll
0x00007ffef89f0000 - 0x00007ffef8b10000 	C:\Windows\System32\RPCRT4.dll
0x00007ffef85c0000 - 0x00007ffef85e7000 	C:\Windows\System32\bcrypt.dll
0x00007ffef8c50000 - 0x00007ffef8df1000 	C:\Windows\System32\USER32.dll
0x00007ffef8590000 - 0x00007ffef85b2000 	C:\Windows\System32\win32u.dll
0x00007ffee0bd0000 - 0x00007ffee0e6b000 	C:\Windows\WinSxS\amd64_microsoft.windows.common-controls_6595b64144ccf1df_6.0.19041.6456_none_60b8a6cb71f64256\COMCTL32.dll
0x00007ffef9260000 - 0x00007ffef928b000 	C:\Windows\System32\GDI32.dll
0x00007ffef85f0000 - 0x00007ffef8709000 	C:\Windows\System32\gdi32full.dll
0x00007ffef80e0000 - 0x00007ffef817d000 	C:\Windows\System32\msvcp_win.dll
0x00007ffef6ce0000 - 0x00007ffef6cea000 	C:\Windows\SYSTEM32\VERSION.dll
0x00007ffef8ed0000 - 0x00007ffef8eff000 	C:\Windows\System32\IMM32.DLL
0x00007ffeef3b0000 - 0x00007ffeef3bc000 	C:\Program Files\Java\jdk-17\bin\vcruntime140_1.dll
0x00007ffee85d0000 - 0x00007ffee865e000 	C:\Program Files\Java\jdk-17\bin\msvcp140.dll
0x00007ffea70b0000 - 0x00007ffea7c90000 	C:\Program Files\Java\jdk-17\bin\server\jvm.dll
0x00007ffedc040000 - 0x00007ffedc049000 	C:\Windows\SYSTEM32\WSOCK32.dll
0x00007ffef93c0000 - 0x00007ffef93c8000 	C:\Windows\System32\PSAPI.DLL
0x00007ffef9130000 - 0x00007ffef919b000 	C:\Windows\System32\WS2_32.dll
0x00007ffeee5f0000 - 0x00007ffeee617000 	C:\Windows\SYSTEM32\WINMM.dll
0x00007ffef6c40000 - 0x00007ffef6c52000 	C:\Windows\SYSTEM32\kernel.appcore.dll
0x00007ffeef3a0000 - 0x00007ffeef3aa000 	C:\Program Files\Java\jdk-17\bin\jimage.dll
0x00007ffef5330000 - 0x00007ffef5531000 	C:\Windows\SYSTEM32\DBGHELP.DLL
0x00007ffed7960000 - 0x00007ffed7994000 	C:\Windows\SYSTEM32\dbgcore.DLL
0x00007ffef8500000 - 0x00007ffef8582000 	C:\Windows\System32\bcryptPrimitives.dll
0x00007ffee8540000 - 0x00007ffee857b000 	C:\Program Files\Java\jdk-17\bin\jdwp.dll
0x00007ffeb2790000 - 0x00007ffeb299e000 	C:\Users\Dell\AppData\Local\Temp\idea_libasyncProfiler_dll_temp_folder3\libasyncProfiler.dll
0x00007ffee8530000 - 0x00007ffee853e000 	C:\Program Files\Java\jdk-17\bin\instrument.dll
0x00007ffeef370000 - 0x00007ffeef395000 	C:\Program Files\Java\jdk-17\bin\java.dll
0x00007ffee8590000 - 0x00007ffee85a8000 	C:\Program Files\Java\jdk-17\bin\zip.dll
0x00007ffeb5bf0000 - 0x00007ffeb5cc7000 	C:\Program Files\Java\jdk-17\bin\jsvml.dll
0x00007ffef9a70000 - 0x00007ffefa1e0000 	C:\Windows\System32\SHELL32.dll
0x00007ffef5d60000 - 0x00007ffef6505000 	C:\Windows\SYSTEM32\windows.storage.dll
0x00007ffef9640000 - 0x00007ffef9994000 	C:\Windows\System32\combase.dll
0x00007ffef7930000 - 0x00007ffef795b000 	C:\Windows\SYSTEM32\Wldp.dll
0x00007ffef8e00000 - 0x00007ffef8ecd000 	C:\Windows\System32\OLEAUT32.dll
0x00007ffef91b0000 - 0x00007ffef925d000 	C:\Windows\System32\SHCORE.dll
0x00007ffef9030000 - 0x00007ffef908b000 	C:\Windows\System32\shlwapi.dll
0x00007ffef7f10000 - 0x00007ffef7f34000 	C:\Windows\SYSTEM32\profapi.dll
0x00007ffee8520000 - 0x00007ffee852c000 	C:\Program Files\Java\jdk-17\bin\dt_socket.dll
0x00007ffef73c0000 - 0x00007ffef73fb000 	C:\Windows\SYSTEM32\IPHLPAPI.DLL
0x00007ffef7710000 - 0x00007ffef777a000 	C:\Windows\system32\mswsock.dll
0x00007ffeef350000 - 0x00007ffeef369000 	C:\Program Files\Java\jdk-17\bin\net.dll
0x00007ffef15e0000 - 0x00007ffef16ea000 	C:\Windows\SYSTEM32\WINHTTP.dll
0x00007ffee85b0000 - 0x00007ffee85c6000 	C:\Program Files\Java\jdk-17\bin\nio.dll
0x00007ffef7400000 - 0x00007ffef74ca000 	C:\Windows\SYSTEM32\DNSAPI.dll
0x00007ffef91a0000 - 0x00007ffef91a8000 	C:\Windows\System32\NSI.dll
0x00007ffee0630000 - 0x00007ffee063a000 	C:\Windows\System32\rasadhlp.dll
0x00007ffee4010000 - 0x00007ffee4090000 	C:\Windows\System32\fwpuclnt.dll
0x00007ffee9a00000 - 0x00007ffee9a0a000 	C:\Program Files\Java\jdk-17\bin\management.dll
0x00007ffee8ac0000 - 0x00007ffee8acb000 	C:\Program Files\Java\jdk-17\bin\management_ext.dll
0x00007ffef7970000 - 0x00007ffef7988000 	C:\Windows\SYSTEM32\CRYPTSP.dll
0x00007ffef6fe0000 - 0x00007ffef7018000 	C:\Windows\system32\rsaenh.dll
0x00007ffef7ed0000 - 0x00007ffef7efe000 	C:\Windows\SYSTEM32\USERENV.dll
0x00007ffef78a0000 - 0x00007ffef78ac000 	C:\Windows\SYSTEM32\CRYPTBASE.dll
0x00007ffef0210000 - 0x00007ffef0227000 	C:\Windows\SYSTEM32\dhcpcsvc6.DLL
0x00007ffef0690000 - 0x00007ffef06ad000 	C:\Windows\SYSTEM32\dhcpcsvc.DLL
0x00007ffecc1e0000 - 0x00007ffecc1f7000 	C:\Windows\system32\napinsp.dll
0x00007ffecbf20000 - 0x00007ffecbf3b000 	C:\Windows\system32\pnrpnsp.dll
0x00007ffecbf00000 - 0x00007ffecbf1d000 	C:\Windows\system32\wshbth.dll
0x00007ffef1ce0000 - 0x00007ffef1cfd000 	C:\Windows\system32\NLAapi.dll
0x00007ffecbee0000 - 0x00007ffecbef2000 	C:\Windows\System32\winrnr.dll
0x00007ffee8500000 - 0x00007ffee8510000 	C:\Program Files\Java\jdk-17\bin\verify.dll
0x00007ffeec720000 - 0x00007ffeec72e000 	C:\Program Files\Java\jdk-17\bin\sunmscapi.dll
0x00007ffef8710000 - 0x00007ffef886d000 	C:\Windows\System32\CRYPT32.dll
0x00007ffef7a80000 - 0x00007ffef7aa7000 	C:\Windows\SYSTEM32\ncrypt.dll
0x00007ffef7a40000 - 0x00007ffef7a7b000 	C:\Windows\SYSTEM32\NTASN1.dll
0x00007ffeb9610000 - 0x00007ffeb9617000 	C:\Windows\system32\wshunix.dll

dbghelp: loaded successfully - version: 4.0.5 - missing functions: none
symbol engine: initialized successfully - sym options: 0x614 - pdb path: .;C:\Program Files\Java\jdk-17\bin;C:\Windows\SYSTEM32;C:\Windows\WinSxS\amd64_microsoft.windows.common-controls_6595b64144ccf1df_6.0.19041.6456_none_60b8a6cb71f64256;C:\Program Files\Java\jdk-17\bin\server;C:\Users\Dell\AppData\Local\Temp\idea_libasyncProfiler_dll_temp_folder3

VM Arguments:
jvm_args: -agentlib:jdwp=transport=dt_socket,address=127.0.0.1:64739,suspend=y,server=n -agentpath:C:\Users\Dell\AppData\Local\Temp\idea_libasyncProfiler_dll_temp_folder3\libasyncProfiler.dll=version,jfr,event=wall,interval=10ms,cstack=no,file=C:\Users\Dell\IdeaSnapshots\ShopmohinhApplication_2025_10_18_094524.jfr,dbghelppath=C:\Users\Dell\AppData\Local\Temp\idea_dbghelp_dll_temp_folder\dbghelp.dll,log=C:\Users\Dell\AppData\Local\Temp\ShopmohinhApplication_2025_10_18_094524.jfr.log.txt,logLevel=DEBUG -XX:TieredStopAtLevel=1 -Dspring.output.ansi.enabled=always -Dcom.sun.management.jmxremote -Dspring.jmx.enabled=true -Dspring.liveBeansView.mbeanDomain -Dspring.application.admin.enabled=true -Dmanagement.endpoints.jmx.exposure.include=* -javaagent:C:\Users\Dell\AppData\Local\JetBrains\IntelliJIdea2024.3\captureAgent\debugger-agent.jar -Dkotlinx.coroutines.debug.enable.creation.stack.trace=false -Ddebugger.agent.enable.coroutines=true -Dkotlinx.coroutines.debug.enable.flows.stack.trace=true -Dkotlinx.coroutines.debug.enable.mutable.state.flows.stack.trace=true -Dfile.encoding=UTF-8 
java_command: com.example.shopmohinh.ShopmohinhApplication
java_class_path (initial): E:\du_an_ca_nhan\techbye_miniproject\miniproject_Giang\Back_end\target\classes;C:\Users\Dell\.m2\repository\com\corundumstudio\socketio\netty-socketio\2.0.13\netty-socketio-2.0.13.jar;C:\Users\Dell\.m2\repository\io\netty\netty-buffer\4.1.111.Final\netty-buffer-4.1.111.Final.jar;C:\Users\Dell\.m2\repository\io\netty\netty-common\4.1.111.Final\netty-common-4.1.111.Final.jar;C:\Users\Dell\.m2\repository\io\netty\netty-transport\4.1.111.Final\netty-transport-4.1.111.Final.jar;C:\Users\Dell\.m2\repository\io\netty\netty-resolver\4.1.111.Final\netty-resolver-4.1.111.Final.jar;C:\Users\Dell\.m2\repository\io\netty\netty-handler\4.1.111.Final\netty-handler-4.1.111.Final.jar;C:\Users\Dell\.m2\repository\io\netty\netty-transport-native-unix-common\4.1.111.Final\netty-transport-native-unix-common-4.1.111.Final.jar;C:\Users\Dell\.m2\repository\io\netty\netty-codec-http\4.1.111.Final\netty-codec-http-4.1.111.Final.jar;C:\Users\Dell\.m2\repository\io\netty\netty-codec\4.1.111.Final\netty-codec-4.1.111.Final.jar;C:\Users\Dell\.m2\repository\org\slf4j\slf4j-api\2.0.13\slf4j-api-2.0.13.jar;C:\Users\Dell\.m2\repository\com\fasterxml\jackson\core\jackson-core\2.17.1\jackson-core-2.17.1.jar;C:\Users\Dell\.m2\repository\com\fasterxml\jackson\core\jackson-databind\2.17.1\jackson-databind-2.17.1.jar;C:\Users\Dell\.m2\repository\org\springframework\kafka\spring-kafka\3.2.1\spring-kafka-3.2.1.jar;C:\Users\Dell\.m2\repository\org\springframework\spring-context\6.1.10\spring-context-6.1.10.jar;C:\Users\Dell\.m2\repository\org\springframework\spring-aop\6.1.10\spring-aop-6.1.10.jar;C:\Users\Dell\.m2\repository\org\springframework\spring-expression\6.1.10\spring-expression-6.1.10.jar;C:\Users\Dell\.m2\repository\org\springframework\spring-messaging\6.1.10\spring-messaging-6.1.10.jar;C:\Users\Dell\.m2\repository\org\springframework\spring-tx\6.1.10\spring-tx-6.1.10.jar;C:\Users\Dell\.m2\repository\org\springframework\retry\spring-retry\2.0.6\spring-retry-2.0.6.jar;C
Launcher Type: SUN_STANDARD

[Global flags]
     intx CICompilerCount                          = 4                                         {product} {ergonomic}
     uint ConcGCThreads                            = 2                                         {product} {ergonomic}
     uint G1ConcRefinementThreads                  = 8                                         {product} {ergonomic}
   size_t G1HeapRegionSize                         = 2097152                                   {product} {ergonomic}
    uintx GCDrainStackTargetSize                   = 64                                        {product} {ergonomic}
   size_t InitialHeapSize                          = 268435456                                 {product} {ergonomic}
     bool ManagementServer                         = true                                      {product} {command line}
   size_t MarkStackSize                            = 4194304                                   {product} {ergonomic}
   size_t MaxHeapSize                              = 4267704320                                {product} {ergonomic}
   size_t MaxNewSize                               = 2560622592                                {product} {ergonomic}
   size_t MinHeapDeltaBytes                        = 2097152                                   {product} {ergonomic}
   size_t MinHeapSize                              = 8388608                                   {product} {ergonomic}
    uintx NonProfiledCodeHeapSize                  = 0                                      {pd product} {ergonomic}
     bool ProfileInterpreter                       = false                                  {pd product} {command line}
    uintx ProfiledCodeHeapSize                     = 0                                      {pd product} {ergonomic}
   size_t SoftMaxHeapSize                          = 4267704320                             {manageable} {ergonomic}
     intx TieredStopAtLevel                        = 1                                         {product} {command line}
     bool UseCompressedClassPointers               = true                           {product lp64_product} {ergonomic}
     bool UseCompressedOops                        = true                           {product lp64_product} {ergonomic}
     bool UseG1GC                                  = true                                      {product} {ergonomic}
     bool UseLargePagesIndividualAllocation        = false                                  {pd product} {ergonomic}

Logging:
Log output configuration:
 #0: stdout all=warning uptime,level,tags
 #1: stderr all=off uptime,level,tags

Environment Variables:
JAVA_HOME=C:\Program Files\Java\jdk-17
PATH=C:\Program Files\Common Files\Oracle\Java\javapath;C:\Program Files\Apache\maven\apache-maven-3.8.8\bin;C:\Program Files (x86)\Common Files\Oracle\Java\java8path;C:\Program Files (x86)\Common Files\Oracle\Java\javapath;C:\Windows\system32;C:\Windows;C:\Windows\System32\Wbem;C:\Windows\System32\WindowsPowerShell\v1.0\;C:\Windows\System32\OpenSSH\;C:\Program Files (x86)\NVIDIA Corporation\PhysX\Common;C:\Users\Dell\Documents\Git\cmd;C:\Program Files\TortoiseSVN\bin;C:\Program Files\TortoiseGit\bin;C:\Program Files\nodejs\;C:\Program Files\Git\cmd;C:\Program Files\dotnet\;C:\Program Files\Intel\WiFi\bin\;C:\Program Files\Common Files\Intel\WirelessCommon\;C:\Program Files\Java\jdk-17\bin;C:\Program Files\Redis\;C:\Program Files\PuTTY\;C:\Program Files\Apache\maven\apache-maven-3.8.8\bin;C:\Program Files\Cloudflare\Cloudflare WARP\;C:\kafka\kafka_2.13-3.5.1\bin\windows;;C:\Program Files\Docker\Docker\resources\bin;C:\Program Files\MySQL\MySQL Shell 8.0\bin\;C:\Users\Dell\AppData\Local\Microsoft\WindowsApps;C:\Users\Dell\AppData\Local\Programs\Microsoft VS Code\bin;C:\Program Files\liquibase;C:\Users\Dell\AppData\Roaming\npm;C:\Program Files\Java\jdk-17\bin;;%IntelliJ IDEA%
USERNAME=Dell
OS=Windows_NT
PROCESSOR_IDENTIFIER=Intel64 Family 6 Model 94 Stepping 3, GenuineIntel



---------------  S Y S T E M  ---------------

OS:
 Windows 10 , 64 bit Build 19041 (10.0.19041.5915)
OS uptime: 2 days 1:42 hours
Hyper-V role detected

CPU: total 8 (initial active 8) (4 cores per cpu, 2 threads per core) family 6 model 94 stepping 3 microcode 0xf0, cx8, cmov, fxsr, ht, mmx, 3dnowpref, sse, sse2, sse3, ssse3, sse4.1, sse4.2, popcnt, lzcnt, tsc, tscinvbit, avx, avx2, aes, erms, clmul, bmi1, bmi2, rtm, adx, fma, vzeroupper, clflush, clflushopt, hv

Memory: 4k page, system-wide physical 16274M (213M free)
TotalPageFile size 29201M (AvailPageFile size 9M)
current process WorkingSet (physical memory assigned to process): 366M, peak: 366M
current process commit charge ("private bytes"): 418M, peak: 422M

vm_info: Java HotSpot(TM) 64-Bit Server VM (17.0.12+8-LTS-286) for windows-amd64 JRE (17.0.12+8-LTS-286), built on Jun  5 2024 06:46:59 by "mach5one" with MS VC++ 17.6 (VS2022)

END.
